(60000, 28, 28) 28 28
x_train shape: (60000, 28, 28, 1)
60000 train samples
10000 test samples
Train on 60000 samples, validate on 10000 samples
Epoch 1/1

  128/60000 [..............................] - ETA: 10:55 - loss: 2.2997 - accuracy: 0.1250
  256/60000 [..............................] - ETA: 7:49 - loss: 2.2689 - accuracy: 0.1562 
  384/60000 [..............................] - ETA: 6:42 - loss: 2.2247 - accuracy: 0.2214
  512/60000 [..............................] - ETA: 6:11 - loss: 2.1856 - accuracy: 0.2305
  640/60000 [..............................] - ETA: 5:51 - loss: 2.1350 - accuracy: 0.2547
  768/60000 [..............................] - ETA: 5:34 - loss: 2.1418 - accuracy: 0.2591
  896/60000 [..............................] - ETA: 5:23 - loss: 2.0957 - accuracy: 0.2857
 1024/60000 [..............................] - ETA: 5:14 - loss: 2.0441 - accuracy: 0.3154
 1152/60000 [..............................] - ETA: 5:07 - loss: 1.9689 - accuracy: 0.3438
 1280/60000 [..............................] - ETA: 5:01 - loss: 1.9097 - accuracy: 0.3656
 1408/60000 [..............................] - ETA: 4:59 - loss: 1.8692 - accuracy: 0.3786
 1536/60000 [..............................] - ETA: 4:56 - loss: 1.8415 - accuracy: 0.3874
 1664/60000 [..............................] - ETA: 4:53 - loss: 1.8017 - accuracy: 0.4056
 1792/60000 [..............................] - ETA: 4:50 - loss: 1.7486 - accuracy: 0.4252
 1920/60000 [..............................] - ETA: 4:48 - loss: 1.6913 - accuracy: 0.4453
 2048/60000 [>.............................] - ETA: 4:45 - loss: 1.6554 - accuracy: 0.4556
 2176/60000 [>.............................] - ETA: 4:42 - loss: 1.6202 - accuracy: 0.4660
 2304/60000 [>.............................] - ETA: 4:40 - loss: 1.5895 - accuracy: 0.4748
 2432/60000 [>.............................] - ETA: 4:39 - loss: 1.5638 - accuracy: 0.4844
 2560/60000 [>.............................] - ETA: 4:41 - loss: 1.5288 - accuracy: 0.4969
 2688/60000 [>.............................] - ETA: 4:40 - loss: 1.4903 - accuracy: 0.5115
 2816/60000 [>.............................] - ETA: 4:38 - loss: 1.4547 - accuracy: 0.5224
 2944/60000 [>.............................] - ETA: 4:37 - loss: 1.4271 - accuracy: 0.5319
 3072/60000 [>.............................] - ETA: 4:36 - loss: 1.4018 - accuracy: 0.5413
 3200/60000 [>.............................] - ETA: 4:36 - loss: 1.3784 - accuracy: 0.5506
 3328/60000 [>.............................] - ETA: 4:35 - loss: 1.3503 - accuracy: 0.5604
 3456/60000 [>.............................] - ETA: 4:33 - loss: 1.3189 - accuracy: 0.5718
 3584/60000 [>.............................] - ETA: 4:32 - loss: 1.2890 - accuracy: 0.5823
 3712/60000 [>.............................] - ETA: 4:31 - loss: 1.2695 - accuracy: 0.5889
 3840/60000 [>.............................] - ETA: 4:30 - loss: 1.2561 - accuracy: 0.5932
 3968/60000 [>.............................] - ETA: 4:28 - loss: 1.2364 - accuracy: 0.5998
 4096/60000 [=>............................] - ETA: 4:27 - loss: 1.2129 - accuracy: 0.6084
 4224/60000 [=>............................] - ETA: 4:26 - loss: 1.1899 - accuracy: 0.6160
 4352/60000 [=>............................] - ETA: 4:24 - loss: 1.1717 - accuracy: 0.6225
 4480/60000 [=>............................] - ETA: 4:23 - loss: 1.1641 - accuracy: 0.6261
 4608/60000 [=>............................] - ETA: 4:22 - loss: 1.1481 - accuracy: 0.6324
 4736/60000 [=>............................] - ETA: 4:21 - loss: 1.1313 - accuracy: 0.6372
 4864/60000 [=>............................] - ETA: 4:20 - loss: 1.1144 - accuracy: 0.6425
 4992/60000 [=>............................] - ETA: 4:20 - loss: 1.0993 - accuracy: 0.6476
 5120/60000 [=>............................] - ETA: 4:19 - loss: 1.0849 - accuracy: 0.6518
 5248/60000 [=>............................] - ETA: 4:18 - loss: 1.0742 - accuracy: 0.6555
 5376/60000 [=>............................] - ETA: 4:17 - loss: 1.0598 - accuracy: 0.6609
 5504/60000 [=>............................] - ETA: 4:16 - loss: 1.0448 - accuracy: 0.6655
 5632/60000 [=>............................] - ETA: 4:14 - loss: 1.0325 - accuracy: 0.6694
 5760/60000 [=>............................] - ETA: 4:14 - loss: 1.0194 - accuracy: 0.6743
 5888/60000 [=>............................] - ETA: 4:13 - loss: 1.0077 - accuracy: 0.6778
 6016/60000 [==>...........................] - ETA: 4:12 - loss: 0.9944 - accuracy: 0.6822
 6144/60000 [==>...........................] - ETA: 4:11 - loss: 0.9847 - accuracy: 0.6852
 6272/60000 [==>...........................] - ETA: 4:10 - loss: 0.9737 - accuracy: 0.6886
 6400/60000 [==>...........................] - ETA: 4:09 - loss: 0.9599 - accuracy: 0.6933
 6528/60000 [==>...........................] - ETA: 4:08 - loss: 0.9486 - accuracy: 0.6976
 6656/60000 [==>...........................] - ETA: 4:08 - loss: 0.9389 - accuracy: 0.7010
 6784/60000 [==>...........................] - ETA: 4:07 - loss: 0.9276 - accuracy: 0.7049
 6912/60000 [==>...........................] - ETA: 4:06 - loss: 0.9167 - accuracy: 0.7082
 7040/60000 [==>...........................] - ETA: 4:05 - loss: 0.9058 - accuracy: 0.7121
 7168/60000 [==>...........................] - ETA: 4:04 - loss: 0.8970 - accuracy: 0.7143
 7296/60000 [==>...........................] - ETA: 4:04 - loss: 0.8876 - accuracy: 0.7177
 7424/60000 [==>...........................] - ETA: 4:03 - loss: 0.8775 - accuracy: 0.7208
 7552/60000 [==>...........................] - ETA: 4:03 - loss: 0.8672 - accuracy: 0.7239
 7680/60000 [==>...........................] - ETA: 4:02 - loss: 0.8598 - accuracy: 0.7268
 7808/60000 [==>...........................] - ETA: 4:01 - loss: 0.8546 - accuracy: 0.7293
 7936/60000 [==>...........................] - ETA: 4:00 - loss: 0.8481 - accuracy: 0.7315
 8064/60000 [===>..........................] - ETA: 4:00 - loss: 0.8417 - accuracy: 0.7343
 8192/60000 [===>..........................] - ETA: 3:59 - loss: 0.8329 - accuracy: 0.7375
 8320/60000 [===>..........................] - ETA: 3:58 - loss: 0.8246 - accuracy: 0.7401
 8448/60000 [===>..........................] - ETA: 3:57 - loss: 0.8168 - accuracy: 0.7428
 8576/60000 [===>..........................] - ETA: 3:56 - loss: 0.8117 - accuracy: 0.7451
 8704/60000 [===>..........................] - ETA: 3:56 - loss: 0.8041 - accuracy: 0.7474
 8832/60000 [===>..........................] - ETA: 3:55 - loss: 0.7976 - accuracy: 0.7498
 8960/60000 [===>..........................] - ETA: 3:55 - loss: 0.7916 - accuracy: 0.7517
 9088/60000 [===>..........................] - ETA: 3:54 - loss: 0.7847 - accuracy: 0.7535
 9216/60000 [===>..........................] - ETA: 3:53 - loss: 0.7782 - accuracy: 0.7553
 9344/60000 [===>..........................] - ETA: 3:53 - loss: 0.7725 - accuracy: 0.7573
 9472/60000 [===>..........................] - ETA: 3:52 - loss: 0.7665 - accuracy: 0.7592
 9600/60000 [===>..........................] - ETA: 3:51 - loss: 0.7611 - accuracy: 0.7608
 9728/60000 [===>..........................] - ETA: 3:51 - loss: 0.7549 - accuracy: 0.7628
 9856/60000 [===>..........................] - ETA: 3:50 - loss: 0.7513 - accuracy: 0.7644
 9984/60000 [===>..........................] - ETA: 3:50 - loss: 0.7463 - accuracy: 0.7662
10112/60000 [====>.........................] - ETA: 3:49 - loss: 0.7415 - accuracy: 0.7677
10240/60000 [====>.........................] - ETA: 3:48 - loss: 0.7350 - accuracy: 0.7699
10368/60000 [====>.........................] - ETA: 3:47 - loss: 0.7301 - accuracy: 0.7715
10496/60000 [====>.........................] - ETA: 3:47 - loss: 0.7271 - accuracy: 0.7725
10624/60000 [====>.........................] - ETA: 3:46 - loss: 0.7216 - accuracy: 0.7741
10752/60000 [====>.........................] - ETA: 3:46 - loss: 0.7169 - accuracy: 0.7756
10880/60000 [====>.........................] - ETA: 3:45 - loss: 0.7123 - accuracy: 0.7774
11008/60000 [====>.........................] - ETA: 3:44 - loss: 0.7072 - accuracy: 0.7790
11136/60000 [====>.........................] - ETA: 3:44 - loss: 0.7028 - accuracy: 0.7804
11264/60000 [====>.........................] - ETA: 3:43 - loss: 0.6982 - accuracy: 0.7820
11392/60000 [====>.........................] - ETA: 3:43 - loss: 0.6928 - accuracy: 0.7835
11520/60000 [====>.........................] - ETA: 3:42 - loss: 0.6876 - accuracy: 0.7856
11648/60000 [====>.........................] - ETA: 3:41 - loss: 0.6834 - accuracy: 0.7869
11776/60000 [====>.........................] - ETA: 3:40 - loss: 0.6789 - accuracy: 0.7882
11904/60000 [====>.........................] - ETA: 3:40 - loss: 0.6749 - accuracy: 0.7891
12032/60000 [=====>........................] - ETA: 3:39 - loss: 0.6714 - accuracy: 0.7901
12160/60000 [=====>........................] - ETA: 3:38 - loss: 0.6681 - accuracy: 0.7911
12288/60000 [=====>........................] - ETA: 3:38 - loss: 0.6633 - accuracy: 0.7926
12416/60000 [=====>........................] - ETA: 3:37 - loss: 0.6596 - accuracy: 0.7937
12544/60000 [=====>........................] - ETA: 3:36 - loss: 0.6559 - accuracy: 0.7946
12672/60000 [=====>........................] - ETA: 3:36 - loss: 0.6510 - accuracy: 0.7961
12800/60000 [=====>........................] - ETA: 3:35 - loss: 0.6482 - accuracy: 0.7969
12928/60000 [=====>........................] - ETA: 3:34 - loss: 0.6465 - accuracy: 0.7972
13056/60000 [=====>........................] - ETA: 3:34 - loss: 0.6433 - accuracy: 0.7984
13184/60000 [=====>........................] - ETA: 3:33 - loss: 0.6402 - accuracy: 0.7995
13312/60000 [=====>........................] - ETA: 3:32 - loss: 0.6364 - accuracy: 0.8009
13440/60000 [=====>........................] - ETA: 3:32 - loss: 0.6330 - accuracy: 0.8020
13568/60000 [=====>........................] - ETA: 3:31 - loss: 0.6298 - accuracy: 0.8031
13696/60000 [=====>........................] - ETA: 3:31 - loss: 0.6274 - accuracy: 0.8040
13824/60000 [=====>........................] - ETA: 3:30 - loss: 0.6228 - accuracy: 0.8053
13952/60000 [=====>........................] - ETA: 3:29 - loss: 0.6197 - accuracy: 0.8063
14080/60000 [======>.......................] - ETA: 3:29 - loss: 0.6163 - accuracy: 0.8073
14208/60000 [======>.......................] - ETA: 3:28 - loss: 0.6126 - accuracy: 0.8083
14336/60000 [======>.......................] - ETA: 3:27 - loss: 0.6100 - accuracy: 0.8096
14464/60000 [======>.......................] - ETA: 3:27 - loss: 0.6076 - accuracy: 0.8106
14592/60000 [======>.......................] - ETA: 3:26 - loss: 0.6044 - accuracy: 0.8115
14720/60000 [======>.......................] - ETA: 3:25 - loss: 0.6016 - accuracy: 0.8124
14848/60000 [======>.......................] - ETA: 3:25 - loss: 0.5984 - accuracy: 0.8136
14976/60000 [======>.......................] - ETA: 3:24 - loss: 0.5943 - accuracy: 0.8150
15104/60000 [======>.......................] - ETA: 3:24 - loss: 0.5914 - accuracy: 0.8161
15232/60000 [======>.......................] - ETA: 3:23 - loss: 0.5883 - accuracy: 0.8171
15360/60000 [======>.......................] - ETA: 3:22 - loss: 0.5853 - accuracy: 0.8180
15488/60000 [======>.......................] - ETA: 3:22 - loss: 0.5825 - accuracy: 0.8188
15616/60000 [======>.......................] - ETA: 3:21 - loss: 0.5794 - accuracy: 0.8199
15744/60000 [======>.......................] - ETA: 3:20 - loss: 0.5775 - accuracy: 0.8206
15872/60000 [======>.......................] - ETA: 3:20 - loss: 0.5740 - accuracy: 0.8216
16000/60000 [=======>......................] - ETA: 3:19 - loss: 0.5705 - accuracy: 0.8228
16128/60000 [=======>......................] - ETA: 3:19 - loss: 0.5675 - accuracy: 0.8237
16256/60000 [=======>......................] - ETA: 3:18 - loss: 0.5645 - accuracy: 0.8245
16384/60000 [=======>......................] - ETA: 3:17 - loss: 0.5619 - accuracy: 0.8253
16512/60000 [=======>......................] - ETA: 3:17 - loss: 0.5608 - accuracy: 0.8260
16640/60000 [=======>......................] - ETA: 3:16 - loss: 0.5586 - accuracy: 0.8267
16768/60000 [=======>......................] - ETA: 3:15 - loss: 0.5558 - accuracy: 0.8279
16896/60000 [=======>......................] - ETA: 3:15 - loss: 0.5537 - accuracy: 0.8287
17024/60000 [=======>......................] - ETA: 3:14 - loss: 0.5517 - accuracy: 0.8292
17152/60000 [=======>......................] - ETA: 3:13 - loss: 0.5483 - accuracy: 0.8303
17280/60000 [=======>......................] - ETA: 3:13 - loss: 0.5461 - accuracy: 0.8311
17408/60000 [=======>......................] - ETA: 3:12 - loss: 0.5440 - accuracy: 0.8318
17536/60000 [=======>......................] - ETA: 3:12 - loss: 0.5414 - accuracy: 0.8326
17664/60000 [=======>......................] - ETA: 3:11 - loss: 0.5384 - accuracy: 0.8334
17792/60000 [=======>......................] - ETA: 3:10 - loss: 0.5364 - accuracy: 0.8341
17920/60000 [=======>......................] - ETA: 3:10 - loss: 0.5341 - accuracy: 0.8348
18048/60000 [========>.....................] - ETA: 3:09 - loss: 0.5319 - accuracy: 0.8354
18176/60000 [========>.....................] - ETA: 3:09 - loss: 0.5299 - accuracy: 0.8360
18304/60000 [========>.....................] - ETA: 3:08 - loss: 0.5278 - accuracy: 0.8368
18432/60000 [========>.....................] - ETA: 3:07 - loss: 0.5258 - accuracy: 0.8375
18560/60000 [========>.....................] - ETA: 3:07 - loss: 0.5241 - accuracy: 0.8380
18688/60000 [========>.....................] - ETA: 3:06 - loss: 0.5224 - accuracy: 0.8386
18816/60000 [========>.....................] - ETA: 3:06 - loss: 0.5200 - accuracy: 0.8392
18944/60000 [========>.....................] - ETA: 3:05 - loss: 0.5173 - accuracy: 0.8401
19072/60000 [========>.....................] - ETA: 3:05 - loss: 0.5159 - accuracy: 0.8404
19200/60000 [========>.....................] - ETA: 3:04 - loss: 0.5139 - accuracy: 0.8411
19328/60000 [========>.....................] - ETA: 3:04 - loss: 0.5115 - accuracy: 0.8418
19456/60000 [========>.....................] - ETA: 3:03 - loss: 0.5090 - accuracy: 0.8426
19584/60000 [========>.....................] - ETA: 3:03 - loss: 0.5068 - accuracy: 0.8433
19712/60000 [========>.....................] - ETA: 3:02 - loss: 0.5055 - accuracy: 0.8438
19840/60000 [========>.....................] - ETA: 3:02 - loss: 0.5030 - accuracy: 0.8446
19968/60000 [========>.....................] - ETA: 3:01 - loss: 0.5016 - accuracy: 0.8450
20096/60000 [=========>....................] - ETA: 3:01 - loss: 0.4994 - accuracy: 0.8456
20224/60000 [=========>....................] - ETA: 3:00 - loss: 0.4971 - accuracy: 0.8463
20352/60000 [=========>....................] - ETA: 3:00 - loss: 0.4956 - accuracy: 0.8467
20480/60000 [=========>....................] - ETA: 2:59 - loss: 0.4941 - accuracy: 0.8473
20608/60000 [=========>....................] - ETA: 2:59 - loss: 0.4922 - accuracy: 0.8479
20736/60000 [=========>....................] - ETA: 2:58 - loss: 0.4905 - accuracy: 0.8484
20864/60000 [=========>....................] - ETA: 2:59 - loss: 0.4892 - accuracy: 0.8490
20992/60000 [=========>....................] - ETA: 2:59 - loss: 0.4872 - accuracy: 0.8496
21120/60000 [=========>....................] - ETA: 2:58 - loss: 0.4852 - accuracy: 0.8501
21248/60000 [=========>....................] - ETA: 2:58 - loss: 0.4839 - accuracy: 0.8506
21376/60000 [=========>....................] - ETA: 2:58 - loss: 0.4823 - accuracy: 0.8511
21504/60000 [=========>....................] - ETA: 2:57 - loss: 0.4805 - accuracy: 0.8516
21632/60000 [=========>....................] - ETA: 2:57 - loss: 0.4783 - accuracy: 0.8523
21760/60000 [=========>....................] - ETA: 2:57 - loss: 0.4764 - accuracy: 0.8529
21888/60000 [=========>....................] - ETA: 2:57 - loss: 0.4750 - accuracy: 0.8535
22016/60000 [==========>...................] - ETA: 2:56 - loss: 0.4731 - accuracy: 0.8542
22144/60000 [==========>...................] - ETA: 2:56 - loss: 0.4714 - accuracy: 0.8546
22272/60000 [==========>...................] - ETA: 2:55 - loss: 0.4697 - accuracy: 0.8551
22400/60000 [==========>...................] - ETA: 2:55 - loss: 0.4676 - accuracy: 0.8558
22528/60000 [==========>...................] - ETA: 2:54 - loss: 0.4659 - accuracy: 0.8563
22656/60000 [==========>...................] - ETA: 2:54 - loss: 0.4652 - accuracy: 0.8567
22784/60000 [==========>...................] - ETA: 2:53 - loss: 0.4634 - accuracy: 0.8573
22912/60000 [==========>...................] - ETA: 2:53 - loss: 0.4614 - accuracy: 0.8579
23040/60000 [==========>...................] - ETA: 2:52 - loss: 0.4606 - accuracy: 0.8583
23168/60000 [==========>...................] - ETA: 2:52 - loss: 0.4593 - accuracy: 0.8587
23296/60000 [==========>...................] - ETA: 2:51 - loss: 0.4577 - accuracy: 0.8592
23424/60000 [==========>...................] - ETA: 2:51 - loss: 0.4559 - accuracy: 0.8597
23552/60000 [==========>...................] - ETA: 2:50 - loss: 0.4549 - accuracy: 0.8600
23680/60000 [==========>...................] - ETA: 2:50 - loss: 0.4534 - accuracy: 0.8603
23808/60000 [==========>...................] - ETA: 2:49 - loss: 0.4523 - accuracy: 0.8607
23936/60000 [==========>...................] - ETA: 2:49 - loss: 0.4515 - accuracy: 0.8609
24064/60000 [===========>..................] - ETA: 2:48 - loss: 0.4498 - accuracy: 0.8614
24192/60000 [===========>..................] - ETA: 2:47 - loss: 0.4482 - accuracy: 0.8619
24320/60000 [===========>..................] - ETA: 2:47 - loss: 0.4466 - accuracy: 0.8625
24448/60000 [===========>..................] - ETA: 2:46 - loss: 0.4452 - accuracy: 0.8629
24576/60000 [===========>..................] - ETA: 2:45 - loss: 0.4439 - accuracy: 0.8633
24704/60000 [===========>..................] - ETA: 2:45 - loss: 0.4421 - accuracy: 0.8639
24832/60000 [===========>..................] - ETA: 2:44 - loss: 0.4404 - accuracy: 0.8644
24960/60000 [===========>..................] - ETA: 2:44 - loss: 0.4390 - accuracy: 0.8649
25088/60000 [===========>..................] - ETA: 2:43 - loss: 0.4375 - accuracy: 0.8653
25216/60000 [===========>..................] - ETA: 2:42 - loss: 0.4367 - accuracy: 0.8657
25344/60000 [===========>..................] - ETA: 2:42 - loss: 0.4353 - accuracy: 0.8662
25472/60000 [===========>..................] - ETA: 2:41 - loss: 0.4338 - accuracy: 0.8666
25600/60000 [===========>..................] - ETA: 2:40 - loss: 0.4330 - accuracy: 0.8668
25728/60000 [===========>..................] - ETA: 2:40 - loss: 0.4324 - accuracy: 0.8670
25856/60000 [===========>..................] - ETA: 2:39 - loss: 0.4309 - accuracy: 0.8675
25984/60000 [===========>..................] - ETA: 2:38 - loss: 0.4296 - accuracy: 0.8680
26112/60000 [============>.................] - ETA: 2:38 - loss: 0.4281 - accuracy: 0.8684
26240/60000 [============>.................] - ETA: 2:37 - loss: 0.4266 - accuracy: 0.8688
26368/60000 [============>.................] - ETA: 2:37 - loss: 0.4251 - accuracy: 0.8693
26496/60000 [============>.................] - ETA: 2:36 - loss: 0.4237 - accuracy: 0.8698
26624/60000 [============>.................] - ETA: 2:35 - loss: 0.4223 - accuracy: 0.8701
26752/60000 [============>.................] - ETA: 2:35 - loss: 0.4208 - accuracy: 0.8706
26880/60000 [============>.................] - ETA: 2:34 - loss: 0.4197 - accuracy: 0.8710
27008/60000 [============>.................] - ETA: 2:33 - loss: 0.4184 - accuracy: 0.8713
27136/60000 [============>.................] - ETA: 2:33 - loss: 0.4173 - accuracy: 0.8717
27264/60000 [============>.................] - ETA: 2:32 - loss: 0.4160 - accuracy: 0.8721
27392/60000 [============>.................] - ETA: 2:32 - loss: 0.4149 - accuracy: 0.8724
27520/60000 [============>.................] - ETA: 2:31 - loss: 0.4135 - accuracy: 0.8728
27648/60000 [============>.................] - ETA: 2:30 - loss: 0.4122 - accuracy: 0.8731
27776/60000 [============>.................] - ETA: 2:30 - loss: 0.4111 - accuracy: 0.8734
27904/60000 [============>.................] - ETA: 2:29 - loss: 0.4096 - accuracy: 0.8739
28032/60000 [=============>................] - ETA: 2:28 - loss: 0.4089 - accuracy: 0.8741
28160/60000 [=============>................] - ETA: 2:28 - loss: 0.4077 - accuracy: 0.8744
28288/60000 [=============>................] - ETA: 2:27 - loss: 0.4064 - accuracy: 0.8748
28416/60000 [=============>................] - ETA: 2:27 - loss: 0.4055 - accuracy: 0.8752
28544/60000 [=============>................] - ETA: 2:26 - loss: 0.4045 - accuracy: 0.8755
28672/60000 [=============>................] - ETA: 2:25 - loss: 0.4030 - accuracy: 0.8760
28800/60000 [=============>................] - ETA: 2:25 - loss: 0.4018 - accuracy: 0.8764
28928/60000 [=============>................] - ETA: 2:24 - loss: 0.4009 - accuracy: 0.8767
29056/60000 [=============>................] - ETA: 2:23 - loss: 0.3996 - accuracy: 0.8772
29184/60000 [=============>................] - ETA: 2:23 - loss: 0.3985 - accuracy: 0.8775
29312/60000 [=============>................] - ETA: 2:22 - loss: 0.3972 - accuracy: 0.8779
29440/60000 [=============>................] - ETA: 2:22 - loss: 0.3963 - accuracy: 0.8781
29568/60000 [=============>................] - ETA: 2:21 - loss: 0.3953 - accuracy: 0.8785
29696/60000 [=============>................] - ETA: 2:20 - loss: 0.3942 - accuracy: 0.8788
29824/60000 [=============>................] - ETA: 2:20 - loss: 0.3929 - accuracy: 0.8792
29952/60000 [=============>................] - ETA: 2:19 - loss: 0.3919 - accuracy: 0.8794
30080/60000 [==============>...............] - ETA: 2:19 - loss: 0.3910 - accuracy: 0.8798
30208/60000 [==============>...............] - ETA: 2:18 - loss: 0.3901 - accuracy: 0.8800
30336/60000 [==============>...............] - ETA: 2:17 - loss: 0.3889 - accuracy: 0.8804
30464/60000 [==============>...............] - ETA: 2:17 - loss: 0.3881 - accuracy: 0.8807
30592/60000 [==============>...............] - ETA: 2:16 - loss: 0.3872 - accuracy: 0.8810
30720/60000 [==============>...............] - ETA: 2:15 - loss: 0.3864 - accuracy: 0.8812
30848/60000 [==============>...............] - ETA: 2:15 - loss: 0.3853 - accuracy: 0.8815
30976/60000 [==============>...............] - ETA: 2:14 - loss: 0.3844 - accuracy: 0.8818
31104/60000 [==============>...............] - ETA: 2:14 - loss: 0.3835 - accuracy: 0.8821
31232/60000 [==============>...............] - ETA: 2:13 - loss: 0.3831 - accuracy: 0.8822
31360/60000 [==============>...............] - ETA: 2:13 - loss: 0.3824 - accuracy: 0.8825
31488/60000 [==============>...............] - ETA: 2:12 - loss: 0.3813 - accuracy: 0.8828
31616/60000 [==============>...............] - ETA: 2:11 - loss: 0.3804 - accuracy: 0.8831
31744/60000 [==============>...............] - ETA: 2:11 - loss: 0.3793 - accuracy: 0.8835
31872/60000 [==============>...............] - ETA: 2:12 - loss: 0.3788 - accuracy: 0.8836
32000/60000 [===============>..............] - ETA: 2:17 - loss: 0.3779 - accuracy: 0.8839
32128/60000 [===============>..............] - ETA: 2:19 - loss: 0.3768 - accuracy: 0.8843
32256/60000 [===============>..............] - ETA: 2:18 - loss: 0.3755 - accuracy: 0.8847
32384/60000 [===============>..............] - ETA: 2:18 - loss: 0.3744 - accuracy: 0.8850
32512/60000 [===============>..............] - ETA: 2:17 - loss: 0.3734 - accuracy: 0.8852
32640/60000 [===============>..............] - ETA: 2:16 - loss: 0.3727 - accuracy: 0.8854
32768/60000 [===============>..............] - ETA: 2:16 - loss: 0.3718 - accuracy: 0.8857
32896/60000 [===============>..............] - ETA: 2:15 - loss: 0.3708 - accuracy: 0.8860
33024/60000 [===============>..............] - ETA: 2:14 - loss: 0.3699 - accuracy: 0.8864
33152/60000 [===============>..............] - ETA: 2:14 - loss: 0.3692 - accuracy: 0.8866
33280/60000 [===============>..............] - ETA: 2:13 - loss: 0.3687 - accuracy: 0.8868
33408/60000 [===============>..............] - ETA: 2:12 - loss: 0.3680 - accuracy: 0.8870
33536/60000 [===============>..............] - ETA: 2:12 - loss: 0.3672 - accuracy: 0.8872
33664/60000 [===============>..............] - ETA: 2:11 - loss: 0.3667 - accuracy: 0.8875
33792/60000 [===============>..............] - ETA: 2:10 - loss: 0.3658 - accuracy: 0.8878
33920/60000 [===============>..............] - ETA: 2:10 - loss: 0.3649 - accuracy: 0.8880
34048/60000 [================>.............] - ETA: 2:09 - loss: 0.3640 - accuracy: 0.8883
34176/60000 [================>.............] - ETA: 2:08 - loss: 0.3633 - accuracy: 0.8885
34304/60000 [================>.............] - ETA: 2:07 - loss: 0.3625 - accuracy: 0.8888
34432/60000 [================>.............] - ETA: 2:07 - loss: 0.3619 - accuracy: 0.8890
34560/60000 [================>.............] - ETA: 2:06 - loss: 0.3612 - accuracy: 0.8892
34688/60000 [================>.............] - ETA: 2:06 - loss: 0.3604 - accuracy: 0.8893
34816/60000 [================>.............] - ETA: 2:05 - loss: 0.3596 - accuracy: 0.8896
34944/60000 [================>.............] - ETA: 2:04 - loss: 0.3589 - accuracy: 0.8899
35072/60000 [================>.............] - ETA: 2:04 - loss: 0.3579 - accuracy: 0.8901
35200/60000 [================>.............] - ETA: 2:03 - loss: 0.3572 - accuracy: 0.8904
35328/60000 [================>.............] - ETA: 2:02 - loss: 0.3569 - accuracy: 0.8906
35456/60000 [================>.............] - ETA: 2:01 - loss: 0.3562 - accuracy: 0.8909
35584/60000 [================>.............] - ETA: 2:01 - loss: 0.3551 - accuracy: 0.8912
35712/60000 [================>.............] - ETA: 2:00 - loss: 0.3547 - accuracy: 0.8913
35840/60000 [================>.............] - ETA: 2:00 - loss: 0.3541 - accuracy: 0.8915
35968/60000 [================>.............] - ETA: 1:59 - loss: 0.3531 - accuracy: 0.8918
36096/60000 [=================>............] - ETA: 1:58 - loss: 0.3526 - accuracy: 0.8921
36224/60000 [=================>............] - ETA: 1:58 - loss: 0.3517 - accuracy: 0.8923
36352/60000 [=================>............] - ETA: 1:57 - loss: 0.3506 - accuracy: 0.8926
36480/60000 [=================>............] - ETA: 1:56 - loss: 0.3501 - accuracy: 0.8929
36608/60000 [=================>............] - ETA: 1:56 - loss: 0.3493 - accuracy: 0.8931
36736/60000 [=================>............] - ETA: 1:55 - loss: 0.3487 - accuracy: 0.8933
36864/60000 [=================>............] - ETA: 1:54 - loss: 0.3477 - accuracy: 0.8936
36992/60000 [=================>............] - ETA: 1:54 - loss: 0.3473 - accuracy: 0.8938
37120/60000 [=================>............] - ETA: 1:53 - loss: 0.3466 - accuracy: 0.8940
37248/60000 [=================>............] - ETA: 1:52 - loss: 0.3460 - accuracy: 0.8943
37376/60000 [=================>............] - ETA: 1:52 - loss: 0.3454 - accuracy: 0.8945
37504/60000 [=================>............] - ETA: 1:51 - loss: 0.3446 - accuracy: 0.8947
37632/60000 [=================>............] - ETA: 1:50 - loss: 0.3438 - accuracy: 0.8950
37760/60000 [=================>............] - ETA: 1:50 - loss: 0.3429 - accuracy: 0.8952
37888/60000 [=================>............] - ETA: 1:49 - loss: 0.3422 - accuracy: 0.8954
38016/60000 [==================>...........] - ETA: 1:48 - loss: 0.3414 - accuracy: 0.8956
38144/60000 [==================>...........] - ETA: 1:48 - loss: 0.3406 - accuracy: 0.8958
38272/60000 [==================>...........] - ETA: 1:47 - loss: 0.3403 - accuracy: 0.8959
38400/60000 [==================>...........] - ETA: 1:46 - loss: 0.3394 - accuracy: 0.8962
38528/60000 [==================>...........] - ETA: 1:46 - loss: 0.3386 - accuracy: 0.8964
38656/60000 [==================>...........] - ETA: 1:45 - loss: 0.3381 - accuracy: 0.8965
38784/60000 [==================>...........] - ETA: 1:44 - loss: 0.3376 - accuracy: 0.8967
38912/60000 [==================>...........] - ETA: 1:44 - loss: 0.3372 - accuracy: 0.8967
39040/60000 [==================>...........] - ETA: 1:43 - loss: 0.3366 - accuracy: 0.8969
39168/60000 [==================>...........] - ETA: 1:42 - loss: 0.3359 - accuracy: 0.8971
39296/60000 [==================>...........] - ETA: 1:42 - loss: 0.3353 - accuracy: 0.8973
39424/60000 [==================>...........] - ETA: 1:41 - loss: 0.3347 - accuracy: 0.8975
39552/60000 [==================>...........] - ETA: 1:40 - loss: 0.3340 - accuracy: 0.8977
39680/60000 [==================>...........] - ETA: 1:40 - loss: 0.3336 - accuracy: 0.8978
39808/60000 [==================>...........] - ETA: 1:39 - loss: 0.3331 - accuracy: 0.8980
39936/60000 [==================>...........] - ETA: 1:38 - loss: 0.3324 - accuracy: 0.8982
40064/60000 [===================>..........] - ETA: 1:38 - loss: 0.3317 - accuracy: 0.8984
40192/60000 [===================>..........] - ETA: 1:37 - loss: 0.3309 - accuracy: 0.8987
40320/60000 [===================>..........] - ETA: 1:36 - loss: 0.3302 - accuracy: 0.8990
40448/60000 [===================>..........] - ETA: 1:36 - loss: 0.3294 - accuracy: 0.8992
40576/60000 [===================>..........] - ETA: 1:35 - loss: 0.3289 - accuracy: 0.8994
40704/60000 [===================>..........] - ETA: 1:34 - loss: 0.3282 - accuracy: 0.8995
40832/60000 [===================>..........] - ETA: 1:34 - loss: 0.3277 - accuracy: 0.8997
40960/60000 [===================>..........] - ETA: 1:33 - loss: 0.3271 - accuracy: 0.8999
41088/60000 [===================>..........] - ETA: 1:33 - loss: 0.3266 - accuracy: 0.9001
41216/60000 [===================>..........] - ETA: 1:32 - loss: 0.3258 - accuracy: 0.9004
41344/60000 [===================>..........] - ETA: 1:31 - loss: 0.3251 - accuracy: 0.9006
41472/60000 [===================>..........] - ETA: 1:31 - loss: 0.3244 - accuracy: 0.9008
41600/60000 [===================>..........] - ETA: 1:30 - loss: 0.3237 - accuracy: 0.9010
41728/60000 [===================>..........] - ETA: 1:29 - loss: 0.3232 - accuracy: 0.9012
41856/60000 [===================>..........] - ETA: 1:29 - loss: 0.3225 - accuracy: 0.9014
41984/60000 [===================>..........] - ETA: 1:28 - loss: 0.3217 - accuracy: 0.9016
42112/60000 [====================>.........] - ETA: 1:27 - loss: 0.3212 - accuracy: 0.9017
42240/60000 [====================>.........] - ETA: 1:27 - loss: 0.3205 - accuracy: 0.9019
42368/60000 [====================>.........] - ETA: 1:26 - loss: 0.3198 - accuracy: 0.9021
42496/60000 [====================>.........] - ETA: 1:25 - loss: 0.3196 - accuracy: 0.9023
42624/60000 [====================>.........] - ETA: 1:25 - loss: 0.3190 - accuracy: 0.9024
42752/60000 [====================>.........] - ETA: 1:24 - loss: 0.3185 - accuracy: 0.9026
42880/60000 [====================>.........] - ETA: 1:23 - loss: 0.3180 - accuracy: 0.9027
43008/60000 [====================>.........] - ETA: 1:23 - loss: 0.3178 - accuracy: 0.9027
43136/60000 [====================>.........] - ETA: 1:22 - loss: 0.3172 - accuracy: 0.9029
43264/60000 [====================>.........] - ETA: 1:22 - loss: 0.3166 - accuracy: 0.9031
43392/60000 [====================>.........] - ETA: 1:21 - loss: 0.3160 - accuracy: 0.9033
43520/60000 [====================>.........] - ETA: 1:20 - loss: 0.3156 - accuracy: 0.9033
43648/60000 [====================>.........] - ETA: 1:20 - loss: 0.3151 - accuracy: 0.9035
43776/60000 [====================>.........] - ETA: 1:19 - loss: 0.3145 - accuracy: 0.9037
43904/60000 [====================>.........] - ETA: 1:18 - loss: 0.3140 - accuracy: 0.9038
44032/60000 [=====================>........] - ETA: 1:18 - loss: 0.3137 - accuracy: 0.9040
44160/60000 [=====================>........] - ETA: 1:17 - loss: 0.3130 - accuracy: 0.9042
44288/60000 [=====================>........] - ETA: 1:16 - loss: 0.3127 - accuracy: 0.9043
44416/60000 [=====================>........] - ETA: 1:16 - loss: 0.3121 - accuracy: 0.9045
44544/60000 [=====================>........] - ETA: 1:15 - loss: 0.3120 - accuracy: 0.9046
44672/60000 [=====================>........] - ETA: 1:15 - loss: 0.3113 - accuracy: 0.9048
44800/60000 [=====================>........] - ETA: 1:14 - loss: 0.3109 - accuracy: 0.9050
44928/60000 [=====================>........] - ETA: 1:13 - loss: 0.3105 - accuracy: 0.9052
45056/60000 [=====================>........] - ETA: 1:13 - loss: 0.3098 - accuracy: 0.9053
45184/60000 [=====================>........] - ETA: 1:12 - loss: 0.3093 - accuracy: 0.9055
45312/60000 [=====================>........] - ETA: 1:11 - loss: 0.3087 - accuracy: 0.9057
45440/60000 [=====================>........] - ETA: 1:11 - loss: 0.3081 - accuracy: 0.9059
45568/60000 [=====================>........] - ETA: 1:10 - loss: 0.3077 - accuracy: 0.9060
45696/60000 [=====================>........] - ETA: 1:09 - loss: 0.3073 - accuracy: 0.9061
45824/60000 [=====================>........] - ETA: 1:09 - loss: 0.3068 - accuracy: 0.9062
45952/60000 [=====================>........] - ETA: 1:08 - loss: 0.3063 - accuracy: 0.9064
46080/60000 [======================>.......] - ETA: 1:07 - loss: 0.3060 - accuracy: 0.9064
46208/60000 [======================>.......] - ETA: 1:07 - loss: 0.3054 - accuracy: 0.9066
46336/60000 [======================>.......] - ETA: 1:06 - loss: 0.3050 - accuracy: 0.9067
46464/60000 [======================>.......] - ETA: 1:06 - loss: 0.3043 - accuracy: 0.9070
46592/60000 [======================>.......] - ETA: 1:05 - loss: 0.3038 - accuracy: 0.9071
46720/60000 [======================>.......] - ETA: 1:04 - loss: 0.3033 - accuracy: 0.9073
46848/60000 [======================>.......] - ETA: 1:04 - loss: 0.3028 - accuracy: 0.9074
46976/60000 [======================>.......] - ETA: 1:03 - loss: 0.3023 - accuracy: 0.9076
47104/60000 [======================>.......] - ETA: 1:02 - loss: 0.3018 - accuracy: 0.9077
47232/60000 [======================>.......] - ETA: 1:02 - loss: 0.3013 - accuracy: 0.9079
47360/60000 [======================>.......] - ETA: 1:01 - loss: 0.3006 - accuracy: 0.9081
47488/60000 [======================>.......] - ETA: 1:01 - loss: 0.3001 - accuracy: 0.9083
47616/60000 [======================>.......] - ETA: 1:00 - loss: 0.2995 - accuracy: 0.9085
47744/60000 [======================>.......] - ETA: 59s - loss: 0.2990 - accuracy: 0.9086 
47872/60000 [======================>.......] - ETA: 59s - loss: 0.2985 - accuracy: 0.9088
48000/60000 [=======================>......] - ETA: 58s - loss: 0.2981 - accuracy: 0.9089
48128/60000 [=======================>......] - ETA: 57s - loss: 0.2977 - accuracy: 0.9091
48256/60000 [=======================>......] - ETA: 57s - loss: 0.2973 - accuracy: 0.9092
48384/60000 [=======================>......] - ETA: 56s - loss: 0.2969 - accuracy: 0.9094
48512/60000 [=======================>......] - ETA: 56s - loss: 0.2963 - accuracy: 0.9095
48640/60000 [=======================>......] - ETA: 55s - loss: 0.2959 - accuracy: 0.9096
48768/60000 [=======================>......] - ETA: 54s - loss: 0.2954 - accuracy: 0.9098
48896/60000 [=======================>......] - ETA: 54s - loss: 0.2948 - accuracy: 0.9099
49024/60000 [=======================>......] - ETA: 53s - loss: 0.2944 - accuracy: 0.9101
49152/60000 [=======================>......] - ETA: 52s - loss: 0.2939 - accuracy: 0.9102
49280/60000 [=======================>......] - ETA: 52s - loss: 0.2936 - accuracy: 0.9102
49408/60000 [=======================>......] - ETA: 51s - loss: 0.2933 - accuracy: 0.9104
49536/60000 [=======================>......] - ETA: 50s - loss: 0.2927 - accuracy: 0.9105
49664/60000 [=======================>......] - ETA: 50s - loss: 0.2924 - accuracy: 0.9107
49792/60000 [=======================>......] - ETA: 49s - loss: 0.2918 - accuracy: 0.9109
49920/60000 [=======================>......] - ETA: 49s - loss: 0.2912 - accuracy: 0.9110
50048/60000 [========================>.....] - ETA: 48s - loss: 0.2907 - accuracy: 0.9112
50176/60000 [========================>.....] - ETA: 47s - loss: 0.2901 - accuracy: 0.9114
50304/60000 [========================>.....] - ETA: 47s - loss: 0.2895 - accuracy: 0.9116
50432/60000 [========================>.....] - ETA: 46s - loss: 0.2891 - accuracy: 0.9117
50560/60000 [========================>.....] - ETA: 45s - loss: 0.2885 - accuracy: 0.9118
50688/60000 [========================>.....] - ETA: 45s - loss: 0.2881 - accuracy: 0.9120
50816/60000 [========================>.....] - ETA: 44s - loss: 0.2876 - accuracy: 0.9121
50944/60000 [========================>.....] - ETA: 44s - loss: 0.2872 - accuracy: 0.9123
51072/60000 [========================>.....] - ETA: 43s - loss: 0.2867 - accuracy: 0.9124
51200/60000 [========================>.....] - ETA: 42s - loss: 0.2863 - accuracy: 0.9126
51328/60000 [========================>.....] - ETA: 42s - loss: 0.2858 - accuracy: 0.9127
51456/60000 [========================>.....] - ETA: 41s - loss: 0.2852 - accuracy: 0.9129
51584/60000 [========================>.....] - ETA: 40s - loss: 0.2848 - accuracy: 0.9131
51712/60000 [========================>.....] - ETA: 40s - loss: 0.2844 - accuracy: 0.9132
51840/60000 [========================>.....] - ETA: 39s - loss: 0.2842 - accuracy: 0.9132
51968/60000 [========================>.....] - ETA: 39s - loss: 0.2837 - accuracy: 0.9134
52096/60000 [=========================>....] - ETA: 38s - loss: 0.2835 - accuracy: 0.9135
52224/60000 [=========================>....] - ETA: 37s - loss: 0.2832 - accuracy: 0.9135
52352/60000 [=========================>....] - ETA: 37s - loss: 0.2831 - accuracy: 0.9136
52480/60000 [=========================>....] - ETA: 36s - loss: 0.2828 - accuracy: 0.9137
52608/60000 [=========================>....] - ETA: 35s - loss: 0.2824 - accuracy: 0.9138
52736/60000 [=========================>....] - ETA: 35s - loss: 0.2819 - accuracy: 0.9140
52864/60000 [=========================>....] - ETA: 34s - loss: 0.2815 - accuracy: 0.9141
52992/60000 [=========================>....] - ETA: 33s - loss: 0.2812 - accuracy: 0.9141
53120/60000 [=========================>....] - ETA: 33s - loss: 0.2807 - accuracy: 0.9143
53248/60000 [=========================>....] - ETA: 32s - loss: 0.2804 - accuracy: 0.9144
53376/60000 [=========================>....] - ETA: 32s - loss: 0.2800 - accuracy: 0.9145
53504/60000 [=========================>....] - ETA: 31s - loss: 0.2795 - accuracy: 0.9146
53632/60000 [=========================>....] - ETA: 30s - loss: 0.2794 - accuracy: 0.9148
53760/60000 [=========================>....] - ETA: 30s - loss: 0.2789 - accuracy: 0.9149
53888/60000 [=========================>....] - ETA: 29s - loss: 0.2786 - accuracy: 0.9150
54016/60000 [==========================>...] - ETA: 28s - loss: 0.2781 - accuracy: 0.9152
54144/60000 [==========================>...] - ETA: 28s - loss: 0.2776 - accuracy: 0.9153
54272/60000 [==========================>...] - ETA: 27s - loss: 0.2771 - accuracy: 0.9155
54400/60000 [==========================>...] - ETA: 27s - loss: 0.2767 - accuracy: 0.9156
54528/60000 [==========================>...] - ETA: 26s - loss: 0.2763 - accuracy: 0.9157
54656/60000 [==========================>...] - ETA: 25s - loss: 0.2760 - accuracy: 0.9159
54784/60000 [==========================>...] - ETA: 25s - loss: 0.2755 - accuracy: 0.9160
54912/60000 [==========================>...] - ETA: 24s - loss: 0.2751 - accuracy: 0.9160
55040/60000 [==========================>...] - ETA: 24s - loss: 0.2749 - accuracy: 0.9162
55168/60000 [==========================>...] - ETA: 23s - loss: 0.2744 - accuracy: 0.9163
55296/60000 [==========================>...] - ETA: 22s - loss: 0.2740 - accuracy: 0.9165
55424/60000 [==========================>...] - ETA: 22s - loss: 0.2737 - accuracy: 0.9166
55552/60000 [==========================>...] - ETA: 21s - loss: 0.2735 - accuracy: 0.9167
55680/60000 [==========================>...] - ETA: 20s - loss: 0.2729 - accuracy: 0.9168
55808/60000 [==========================>...] - ETA: 20s - loss: 0.2728 - accuracy: 0.9169
55936/60000 [==========================>...] - ETA: 19s - loss: 0.2724 - accuracy: 0.9170
56064/60000 [===========================>..] - ETA: 19s - loss: 0.2721 - accuracy: 0.9171
56192/60000 [===========================>..] - ETA: 18s - loss: 0.2719 - accuracy: 0.9172
56320/60000 [===========================>..] - ETA: 17s - loss: 0.2715 - accuracy: 0.9173
56448/60000 [===========================>..] - ETA: 17s - loss: 0.2710 - accuracy: 0.9175
56576/60000 [===========================>..] - ETA: 16s - loss: 0.2709 - accuracy: 0.9175
56704/60000 [===========================>..] - ETA: 15s - loss: 0.2705 - accuracy: 0.9176
56832/60000 [===========================>..] - ETA: 15s - loss: 0.2702 - accuracy: 0.9177
56960/60000 [===========================>..] - ETA: 14s - loss: 0.2699 - accuracy: 0.9177
57088/60000 [===========================>..] - ETA: 14s - loss: 0.2694 - accuracy: 0.9178
57216/60000 [===========================>..] - ETA: 13s - loss: 0.2690 - accuracy: 0.9179
57344/60000 [===========================>..] - ETA: 12s - loss: 0.2687 - accuracy: 0.9181
57472/60000 [===========================>..] - ETA: 12s - loss: 0.2684 - accuracy: 0.9182
57600/60000 [===========================>..] - ETA: 11s - loss: 0.2681 - accuracy: 0.9183
57728/60000 [===========================>..] - ETA: 10s - loss: 0.2680 - accuracy: 0.9184
57856/60000 [===========================>..] - ETA: 10s - loss: 0.2676 - accuracy: 0.9185
57984/60000 [===========================>..] - ETA: 9s - loss: 0.2672 - accuracy: 0.9186 
58112/60000 [============================>.] - ETA: 9s - loss: 0.2669 - accuracy: 0.9186
58240/60000 [============================>.] - ETA: 8s - loss: 0.2666 - accuracy: 0.9188
58368/60000 [============================>.] - ETA: 7s - loss: 0.2662 - accuracy: 0.9189
58496/60000 [============================>.] - ETA: 7s - loss: 0.2659 - accuracy: 0.9190
58624/60000 [============================>.] - ETA: 6s - loss: 0.2655 - accuracy: 0.9191
58752/60000 [============================>.] - ETA: 6s - loss: 0.2650 - accuracy: 0.9193
58880/60000 [============================>.] - ETA: 5s - loss: 0.2646 - accuracy: 0.9194
59008/60000 [============================>.] - ETA: 4s - loss: 0.2643 - accuracy: 0.9195
59136/60000 [============================>.] - ETA: 4s - loss: 0.2638 - accuracy: 0.9196
59264/60000 [============================>.] - ETA: 3s - loss: 0.2636 - accuracy: 0.9197
59392/60000 [============================>.] - ETA: 2s - loss: 0.2633 - accuracy: 0.9198
59520/60000 [============================>.] - ETA: 2s - loss: 0.2629 - accuracy: 0.9199
59648/60000 [============================>.] - ETA: 1s - loss: 0.2629 - accuracy: 0.9200
59776/60000 [============================>.] - ETA: 1s - loss: 0.2624 - accuracy: 0.9201
59904/60000 [============================>.] - ETA: 0s - loss: 0.2621 - accuracy: 0.9202
60000/60000 [==============================] - 308s 5ms/step - loss: 0.2618 - accuracy: 0.9203 - val_loss: 0.0607 - val_accuracy: 0.9806
Test loss: 0.060733483476750554
Test accuracy: 0.9805999994277954
Model: "sequential_1"
_________________________________________________________________
Layer (type)                 Output Shape              Param #   
=================================================================
conv2d_1 (Conv2D)            (None, 26, 26, 32)        320       
_________________________________________________________________
conv2d_2 (Conv2D)            (None, 24, 24, 64)        18496     
_________________________________________________________________
max_pooling2d_1 (MaxPooling2 (None, 12, 12, 64)        0         
_________________________________________________________________
dropout_1 (Dropout)          (None, 12, 12, 64)        0         
_________________________________________________________________
flatten_1 (Flatten)          (None, 9216)              0         
_________________________________________________________________
dense_1 (Dense)              (None, 128)               1179776   
_________________________________________________________________
dropout_2 (Dropout)          (None, 128)               0         
_________________________________________________________________
dense_2 (Dense)              (None, 10)                1290      
=================================================================
Total params: 1,199,882
Trainable params: 1,199,882
Non-trainable params: 0
_________________________________________________________________
